c:\users\0\desktop\dormitory-management-system\宿舍管理系统\x64\debug\vc143.pdb
c:\users\0\desktop\dormitory-management-system\宿舍管理系统\x64\debug\vc143.idb
c:\users\0\desktop\dormitory-management-system\宿舍管理系统\x64\debug\宿舍管理系统.obj
c:\users\0\desktop\dormitory-management-system\宿舍管理系统\x64\debug\teacher.obj
c:\users\0\desktop\dormitory-management-system\宿舍管理系统\x64\debug\student_union.obj
c:\users\0\desktop\dormitory-management-system\宿舍管理系统\x64\debug\student.obj
c:\users\0\desktop\dormitory-management-system\宿舍管理系统\x64\debug\menu.obj
c:\users\0\desktop\dormitory-management-system\宿舍管理系统\x64\debug\manager.obj
c:\users\0\desktop\dormitory-management-system\宿舍管理系统\x64\debug\dorm.obj
c:\users\0\desktop\dormitory-management-system\宿舍管理系统\x64\debug\announce.obj
c:\users\0\desktop\dormitory-management-system\宿舍管理系统\x64\debug\宿舍管理系统.ilk
c:\users\0\desktop\dormitory-management-system\宿舍管理系统\x64\debug\宿舍管理系统.pdb
c:\users\0\desktop\dormitory-management-system\x64\debug\宿舍管理系统.pdb
c:\users\0\desktop\dormitory-management-system\宿舍管理系统\x64\debug\宿舍管理系统.tlog\cl.command.1.tlog
c:\users\0\desktop\dormitory-management-system\宿舍管理系统\x64\debug\宿舍管理系统.tlog\cl.items.tlog
c:\users\0\desktop\dormitory-management-system\宿舍管理系统\x64\debug\宿舍管理系统.tlog\cl.read.1.tlog
c:\users\0\desktop\dormitory-management-system\宿舍管理系统\x64\debug\宿舍管理系统.tlog\cl.write.1.tlog
c:\users\0\desktop\dormitory-management-system\宿舍管理系统\x64\debug\宿舍管理系统.tlog\link-cvtres.read.1.tlog
c:\users\0\desktop\dormitory-management-system\宿舍管理系统\x64\debug\宿舍管理系统.tlog\link-cvtres.write.1.tlog
c:\users\0\desktop\dormitory-management-system\宿舍管理系统\x64\debug\宿舍管理系统.tlog\link-rc.read.1.tlog
c:\users\0\desktop\dormitory-management-system\宿舍管理系统\x64\debug\宿舍管理系统.tlog\link-rc.write.1.tlog
c:\users\0\desktop\dormitory-management-system\宿舍管理系统\x64\debug\宿舍管理系统.tlog\link.28740-cvtres.read.1.tlog
c:\users\0\desktop\dormitory-management-system\宿舍管理系统\x64\debug\宿舍管理系统.tlog\link.28740-cvtres.write.1.tlog
c:\users\0\desktop\dormitory-management-system\宿舍管理系统\x64\debug\宿舍管理系统.tlog\link.28740-rc.read.1.tlog
c:\users\0\desktop\dormitory-management-system\宿舍管理系统\x64\debug\宿舍管理系统.tlog\link.28740-rc.write.1.tlog
c:\users\0\desktop\dormitory-management-system\宿舍管理系统\x64\debug\宿舍管理系统.tlog\link.28740.read.1.tlog
c:\users\0\desktop\dormitory-management-system\宿舍管理系统\x64\debug\宿舍管理系统.tlog\link.28740.read.2.tlog
c:\users\0\desktop\dormitory-management-system\宿舍管理系统\x64\debug\宿舍管理系统.tlog\link.28740.read.3.tlog
c:\users\0\desktop\dormitory-management-system\宿舍管理系统\x64\debug\宿舍管理系统.tlog\link.28740.read.4.tlog
c:\users\0\desktop\dormitory-management-system\宿舍管理系统\x64\debug\宿舍管理系统.tlog\link.28740.write.1.tlog
c:\users\0\desktop\dormitory-management-system\宿舍管理系统\x64\debug\宿舍管理系统.tlog\link.command.1.tlog
c:\users\0\desktop\dormitory-management-system\宿舍管理系统\x64\debug\宿舍管理系统.tlog\link.read.1.tlog
c:\users\0\desktop\dormitory-management-system\宿舍管理系统\x64\debug\宿舍管理系统.tlog\link.read.2.tlog
c:\users\0\desktop\dormitory-management-system\宿舍管理系统\x64\debug\宿舍管理系统.tlog\link.read.3.tlog
c:\users\0\desktop\dormitory-management-system\宿舍管理系统\x64\debug\宿舍管理系统.tlog\link.read.4.tlog
c:\users\0\desktop\dormitory-management-system\宿舍管理系统\x64\debug\宿舍管理系统.tlog\link.secondary.1.tlog
c:\users\0\desktop\dormitory-management-system\宿舍管理系统\x64\debug\宿舍管理系统.tlog\link.write.1.tlog
