  student_union.cpp
C:\Users\0\Desktop\大二下\宿舍管理系统\宿舍管理系统\宿舍管理系统\dorm_system.h(1,1): warning C4819: 该文件包含不能在当前代码页(936)中表示的字符。请将该文件保存为 Unicode 格式以防止数据丢失
  (编译源文件“student_union.cpp”)
  
C:\Users\0\Desktop\大二下\宿舍管理系统\宿舍管理系统\宿舍管理系统\student_union.cpp(36,24): warning C4477: “fscanf”: 格式字符串“%d”需要类型“int *”的参数，但可变参数 13 拥有了类型“char *”
      C:\Users\0\Desktop\大二下\宿舍管理系统\宿舍管理系统\宿舍管理系统\student_union.cpp(36,24):
      请考虑在格式字符串中使用“%hhd”
  
C:\Users\0\Desktop\大二下\宿舍管理系统\宿舍管理系统\宿舍管理系统\student_union.cpp(36,24): warning C4477: “fscanf”: 格式字符串“%f”需要类型“float *”的参数，但可变参数 14 拥有了类型“int *”
C:\Users\0\Desktop\大二下\宿舍管理系统\宿舍管理系统\宿舍管理系统\student_union.cpp(36,24): warning C4477: “fscanf”: 格式字符串“%d”需要类型“int *”的参数，但可变参数 15 拥有了类型“float *”
C:\Users\0\Desktop\大二下\宿舍管理系统\宿舍管理系统\宿舍管理系统\student_union.cpp(43,45): warning C4474: fscanf: 格式字符串中传递的参数太多
      C:\Users\0\Desktop\大二下\宿舍管理系统\宿舍管理系统\宿舍管理系统\student_union.cpp(43,45):
      占位符和其参数预计 15 可变参数，但提供的却是 16 参数
  
C:\Users\0\Desktop\大二下\宿舍管理系统\宿舍管理系统\宿舍管理系统\student_union.cpp(146,10): warning C4473: “printf”: 没有为格式字符串传递足够的参数
      C:\Users\0\Desktop\大二下\宿舍管理系统\宿舍管理系统\宿舍管理系统\student_union.cpp(146,10):
      占位符和其参数预计 6 可变参数，但提供的却是 5 参数
      C:\Users\0\Desktop\大二下\宿舍管理系统\宿舍管理系统\宿舍管理系统\student_union.cpp(146,10):
      缺失的可变参数 6 为格式字符串“%s”所需
  
C:\Users\0\Desktop\大二下\宿舍管理系统\宿舍管理系统\宿舍管理系统\student_union.cpp(513,16): warning C4473: “fprintf”: 没有为格式字符串传递足够的参数
      C:\Users\0\Desktop\大二下\宿舍管理系统\宿舍管理系统\宿舍管理系统\student_union.cpp(513,16):
      占位符和其参数预计 5 可变参数，但提供的却是 4 参数
      C:\Users\0\Desktop\大二下\宿舍管理系统\宿舍管理系统\宿舍管理系统\student_union.cpp(513,16):
      缺失的可变参数 5 为格式字符串“%s”所需
  
C:\Users\0\Desktop\大二下\宿舍管理系统\宿舍管理系统\宿舍管理系统\student_union.cpp(586,45): warning C4474: printf: 格式字符串中传递的参数太多
      C:\Users\0\Desktop\大二下\宿舍管理系统\宿舍管理系统\宿舍管理系统\student_union.cpp(586,45):
      占位符和其参数预计 0 可变参数，但提供的却是 1 参数
  
  宿舍管理系统.vcxproj -> C:\Users\0\Desktop\大二下\宿舍管理系统\宿舍管理系统\x64\Debug\宿舍管理系统.exe
